Build started 20/04/2015 11:51:39 AM.
     1>Project "C:\Users\100553054\Documents\UOIT - First Year\Computer Science\Lab07\Lab07.vcxproj" on node 2 (Build target(s)).
     1>ClCompile:
         C:\Program Files (x86)\Microsoft Visual Studio 12.0\VC\bin\CL.exe /c /ZI /nologo /W3 /WX- /sdl /Od /Oy- /D WIN32 /D _DEBUG /D _CONSOLE /D _LIB /D _UNICODE /D UNICODE /Gm /EHsc /RTC1 /MDd /GS /fp:precise /Zc:wchar_t /Zc:forScope /Yu"stdafx.h" /Fp"Debug\Lab07.pch" /Fo"Debug\\" /Fd"Debug\vc120.pdb" /Gd /TP /analyze- /errorReport:prompt Lab07.cpp
         Lab07.cpp
     1>c:\users\100553054\documents\uoit - first year\computer science\lab07\lab07.cpp(142): warning C4305: 'argument' : truncation from 'double' to 'float'
     1>c:\users\100553054\documents\uoit - first year\computer science\lab07\lab07.cpp(144): warning C4305: '=' : truncation from 'double' to 'float'
     1>c:\users\100553054\documents\uoit - first year\computer science\lab07\lab07.cpp(153): warning C4305: 'argument' : truncation from 'double' to 'float'
     1>c:\users\100553054\documents\uoit - first year\computer science\lab07\lab07.cpp(154): warning C4305: '=' : truncation from 'double' to 'float'
     1>c:\users\100553054\documents\uoit - first year\computer science\lab07\lab07.cpp(155): warning C4305: '=' : truncation from 'double' to 'float'
     1>c:\users\100553054\documents\uoit - first year\computer science\lab07\lab07.cpp(167): warning C4305: 'argument' : truncation from 'double' to 'float'
     1>c:\users\100553054\documents\uoit - first year\computer science\lab07\lab07.cpp(168): warning C4305: '=' : truncation from 'double' to 'float'
     1>c:\users\100553054\documents\uoit - first year\computer science\lab07\lab07.cpp(177): warning C4305: 'argument' : truncation from 'double' to 'float'
     1>c:\users\100553054\documents\uoit - first year\computer science\lab07\lab07.cpp(178): warning C4305: '=' : truncation from 'double' to 'float'
     1>c:\users\100553054\documents\uoit - first year\computer science\lab07\lab07.cpp(196): warning C4305: 'argument' : truncation from 'double' to 'float'
     1>c:\users\100553054\documents\uoit - first year\computer science\lab07\lab07.cpp(197): warning C4305: '=' : truncation from 'double' to 'float'
     1>c:\users\100553054\documents\uoit - first year\computer science\lab07\lab07.cpp(198): warning C4305: '=' : truncation from 'double' to 'float'
     1>c:\users\100553054\documents\uoit - first year\computer science\lab07\lab07.cpp(204): warning C4305: 'argument' : truncation from 'double' to 'float'
     1>c:\users\100553054\documents\uoit - first year\computer science\lab07\lab07.cpp(205): warning C4305: '=' : truncation from 'double' to 'float'
     1>c:\users\100553054\documents\uoit - first year\computer science\lab07\lab07.cpp(206): warning C4305: '=' : truncation from 'double' to 'float'
     1>c:\users\100553054\documents\uoit - first year\computer science\lab07\lab07.cpp(208): warning C4305: 'argument' : truncation from 'double' to 'float'
     1>c:\users\100553054\documents\uoit - first year\computer science\lab07\lab07.cpp(209): warning C4305: '=' : truncation from 'double' to 'float'
     1>c:\users\100553054\documents\uoit - first year\computer science\lab07\lab07.cpp(211): warning C4305: 'argument' : truncation from 'double' to 'float'
     1>c:\users\100553054\documents\uoit - first year\computer science\lab07\lab07.cpp(212): warning C4305: '=' : truncation from 'double' to 'float'
     1>c:\users\100553054\documents\uoit - first year\computer science\lab07\lab07.cpp(229): warning C4018: '<' : signed/unsigned mismatch
     1>c:\users\100553054\documents\uoit - first year\computer science\lab07\lab07.cpp(242): warning C4018: '<' : signed/unsigned mismatch
       Link:
         C:\Program Files (x86)\Microsoft Visual Studio 12.0\VC\bin\link.exe /ERRORREPORT:PROMPT /OUT:"C:\Users\100553054\Documents\UOIT - First Year\Computer Science\Lab07\Debug\Lab07.exe" /INCREMENTAL /NOLOGO kernel32.lib user32.lib gdi32.lib winspool.lib comdlg32.lib advapi32.lib shell32.lib ole32.lib oleaut32.lib uuid.lib odbc32.lib odbccp32.lib /MANIFEST /MANIFESTUAC:"level='asInvoker' uiAccess='false'" /manifest:embed /DEBUG /PDB:"C:\Users\100553054\Documents\UOIT - First Year\Computer Science\Lab07\Debug\Lab07.pdb" /SUBSYSTEM:CONSOLE /TLBID:1 /DYNAMICBASE /NXCOMPAT /IMPLIB:"C:\Users\100553054\Documents\UOIT - First Year\Computer Science\Lab07\Debug\Lab07.lib" /MACHINE:X86 Debug\Lab07.obj
         Debug\stdafx.obj
         Lab07.vcxproj -> C:\Users\100553054\Documents\UOIT - First Year\Computer Science\Lab07\Debug\Lab07.exe
     1>Done Building Project "C:\Users\100553054\Documents\UOIT - First Year\Computer Science\Lab07\Lab07.vcxproj" (Build target(s)).

Build succeeded.

Time Elapsed 00:00:01.27
